<?xml version="1.0" encoding="UTF-8"?>
<testng-results ignored="0" total="1" passed="1" failed="0" skipped="0">
  <reporter-output>
  </reporter-output>
  <suite started-at="2023-05-28T22:05:24 IST" name="Suite" finished-at="2023-05-28T22:05:27 IST" duration-ms="3227">
    <groups>
    </groups>
    <test started-at="2023-05-28T22:05:24 IST" name="Test" finished-at="2023-05-28T22:05:27 IST" duration-ms="3227">
      <class name="Temenos.CrossBrowserTesting.TestDemo">
        <test-method signature="titleCheck()[pri:0, instance:Temenos.CrossBrowserTesting.TestDemo@1af146]" started-at="2023-05-28T22:05:24 IST" name="titleCheck" finished-at="2023-05-28T22:05:27 IST" duration-ms="3202" status="PASS">
          <reporter-output>
          </reporter-output>
        </test-method> <!-- titleCheck -->
      </class> <!-- Temenos.CrossBrowserTesting.TestDemo -->
    </test> <!-- Test -->
  </suite> <!-- Suite -->
</testng-results>
