<?xml version="1.0" encoding="UTF-8"?>
<testng-results ignored="0" total="1" passed="1" failed="0" skipped="0">
  <reporter-output>
  </reporter-output>
  <suite started-at="2023-05-19T00:04:04 IST" name="Default suite" finished-at="2023-05-19T00:04:10 IST" duration-ms="6167">
    <groups>
    </groups>
    <test started-at="2023-05-19T00:04:04 IST" name="Default test" finished-at="2023-05-19T00:04:10 IST" duration-ms="6167">
      <class name="Temenos.ExternalReports.ExtentReportsDemo">
        <test-method is-config="true" signature="config()[pri:0, instance:Temenos.ExternalReports.ExtentReportsDemo@1a6d8329]" started-at="2023-05-19T00:04:04 IST" name="config" finished-at="2023-05-19T00:04:04 IST" duration-ms="242" status="PASS">
          <reporter-output>
          </reporter-output>
        </test-method> <!-- config -->
        <test-method signature="initialDemo()[pri:0, instance:Temenos.ExternalReports.ExtentReportsDemo@1a6d8329]" started-at="2023-05-19T00:04:05 IST" name="initialDemo" finished-at="2023-05-19T00:04:10 IST" duration-ms="5883" status="PASS">
          <reporter-output>
          </reporter-output>
        </test-method> <!-- initialDemo -->
      </class> <!-- Temenos.ExternalReports.ExtentReportsDemo -->
    </test> <!-- Default test -->
  </suite> <!-- Default suite -->
</testng-results>
