<?xml version="1.0" encoding="UTF-8"?>
<!-- Generated by org.testng.reporters.JUnitXMLReporter -->
<testsuite ignored="0" hostname="L7KM63J3" failures="0" tests="3" name="Submit Order TestFolder" time="32.114" errors="0" timestamp="2023-05-25T09:16:39 IST">
  <testcase classname="Temenos.TestCases.SubmitOrderTest" name="SubmitOrder" time="7.058"/>
  <testcase classname="Temenos.TestCases.SubmitOrderTest" name="SubmitOrder" time="7.534"/>
  <testcase classname="Temenos.TestCases.SubmitOrderTest" name="validateOrderPage" time="1.377"/>
</testsuite> <!-- Submit Order TestFolder -->
