<?xml version="1.0" encoding="UTF-8"?>
<!-- Generated by org.testng.reporters.JUnitXMLReporter -->
<testsuite ignored="0" hostname="L7KM63J3" failures="0" tests="3" name="TestModule3" time="0.004" errors="0" timestamp="2023-05-17T21:22:49 IST">
  <testcase classname="test1.Demo8Parameters" name="ABC11" time="0.001"/>
  <testcase classname="test1.Demo8Parameters" name="ABC12" time="0.001"/>
  <testcase classname="test1.Demo8Parameters" name="ABC13" time="0.001"/>
</testsuite> <!-- TestModule3 -->
