<?xml version="1.0" encoding="UTF-8"?>
<testng-results ignored="0" total="1" passed="1" failed="0" skipped="0">
  <reporter-output>
  </reporter-output>
  <suite started-at="2023-05-28T22:00:26 IST" name="Surefire suite" finished-at="2023-05-28T22:00:30 IST" duration-ms="3533">
    <groups>
    </groups>
    <test started-at="2023-05-28T22:00:26 IST" name="Surefire test" finished-at="2023-05-28T22:00:30 IST" duration-ms="3533">
      <class name="Temenos.CrossBrowserTesting.TestDemo">
        <test-method signature="titleCheck()[pri:0, instance:Temenos.CrossBrowserTesting.TestDemo@17d88132]" started-at="2023-05-28T22:00:26 IST" name="titleCheck" finished-at="2023-05-28T22:00:30 IST" duration-ms="3512" status="PASS">
          <reporter-output>
          </reporter-output>
        </test-method> <!-- titleCheck -->
      </class> <!-- Temenos.CrossBrowserTesting.TestDemo -->
    </test> <!-- Surefire test -->
  </suite> <!-- Surefire suite -->
</testng-results>
