<?xml version="1.0" encoding="UTF-8"?>
<!-- Generated by org.testng.reporters.JUnitXMLReporter -->
<testsuite ignored="2" hostname="L7KM63J3" failures="0" tests="3" name="TestModule2" time="0.004" errors="0" timestamp="2023-05-12T00:51:15 IST">
  <testcase classname="test1.Demo3" name="Raghul" time="0.0"/>
  <testcase classname="test1.Demo3" name="PrakashLogout" time="0.0"/>
  <testcase classname="test1.Demo3" name="Abzar" time="0.0"/>
  <testcase classname="test1.Demo3" name="PrakashLogin" time="0.0">
    <ignored/>
  </testcase> <!-- PrakashLogin -->
  <testcase classname="test1.Demo3" name="Karthick" time="0.0">
    <ignored/>
  </testcase> <!-- Karthick -->
</testsuite> <!-- TestModule2 -->
