<?xml version="1.0" encoding="UTF-8"?>
<!-- Generated by org.testng.reporters.JUnitXMLReporter -->
<testsuite ignored="1" hostname="L7KM63J3" failures="0" tests="2" name="TestModule3" time="0.003" errors="0" timestamp="2023-05-12T00:51:15 IST">
  <testcase classname="test1.Demo4" name="Ball" time="0.001"/>
  <testcase classname="test1.Demo4" name="Stump" time="0.001"/>
  <testcase classname="test1.Demo4" name="Bat" time="0.0">
    <ignored/>
  </testcase> <!-- Bat -->
</testsuite> <!-- TestModule3 -->
