<?xml version="1.0" encoding="UTF-8"?>
<!-- Generated by org.testng.reporters.JUnitXMLReporter -->
<testsuite ignored="0" hostname="L7KM63J3" failures="0" tests="4" name="Default test" time="14.535" errors="0" timestamp="2023-06-01T22:34:41 IST">
  <testcase classname="Temenos.ExcelDriven.jdbc" name="loginApp" time="5.227"/>
  <testcase classname="Temenos.ExcelDriven.jdbc" name="loginAppUsingDataProvider" time="3.125"/>
  <testcase classname="Temenos.ExcelDriven.jdbc" name="loginAppUsingDataProvider" time="3.098"/>
  <testcase classname="Temenos.ExcelDriven.jdbc" name="loginAppUsingDataProvider" time="2.978"/>
</testsuite> <!-- Default test -->
