<?xml version="1.0" encoding="UTF-8"?>
<!-- Generated by org.testng.reporters.JUnitXMLReporter -->
<testsuite ignored="0" hostname="L7KM63J3" failures="0" tests="2" name="Error Validation TestFolder" time="15.667" errors="0" timestamp="2023-05-21T20:24:31 IST">
  <testcase classname="Temenos.TestCases.ErrorValidationTest" name="confirmationMsgValidation" time="6.005"/>
  <testcase classname="Temenos.TestCases.ErrorValidationTest" name="loginErrorValidation" time="1.444"/>
</testsuite> <!-- Error Validation TestFolder -->
