<?xml version="1.0" encoding="UTF-8"?>
<!-- Generated by org.testng.reporters.JUnitXMLReporter -->
<testsuite ignored="0" hostname="L7KM63J3" failures="0" tests="3" name="Submit Order TestFolder" time="30.693" errors="0" timestamp="2023-05-21T20:24:15 IST">
  <testcase classname="Temenos.TestCases.SubmitOrderTest" name="SubmitOrder" time="6.293"/>
  <testcase classname="Temenos.TestCases.SubmitOrderTest" name="SubmitOrder" time="6.497"/>
  <testcase classname="Temenos.TestCases.SubmitOrderTest" name="validateOrderPage" time="1.263"/>
</testsuite> <!-- Submit Order TestFolder -->
