<?xml version="1.0" encoding="UTF-8"?>
<testng-results ignored="0" total="14" passed="13" failed="1" skipped="0">
  <reporter-output>
  </reporter-output>
  <suite started-at="2023-05-17T21:22:49 IST" name="WealthSuite" finished-at="2023-05-17T21:22:49 IST" duration-ms="121">
    <groups>
    </groups>
    <test started-at="2023-05-17T21:22:49 IST" name="TestModule2" finished-at="2023-05-17T21:22:49 IST" duration-ms="45">
      <class name="test1.Demo7Parameters">
        <test-method signature="ABC10()[pri:0, instance:test1.Demo7Parameters@4a7f959b]" started-at="2023-05-17T21:22:49 IST" name="ABC10" finished-at="2023-05-17T21:22:49 IST" duration-ms="5" status="PASS">
          <reporter-output>
          </reporter-output>
        </test-method> <!-- ABC10 -->
        <test-method signature="ABC8(java.lang.String)[pri:0, instance:test1.Demo7Parameters@4a7f959b]" started-at="2023-05-17T21:22:49 IST" name="ABC8" finished-at="2023-05-17T21:22:49 IST" duration-ms="1" status="PASS">
          <params>
            <param index="0">
              <value>
                <![CDATA[https://amazonamazontestfolder2.com]]>
              </value>
            </param>
          </params>
          <reporter-output>
          </reporter-output>
        </test-method> <!-- ABC8 -->
        <test-method signature="ABC9()[pri:0, instance:test1.Demo7Parameters@4a7f959b]" started-at="2023-05-17T21:22:49 IST" name="ABC9" finished-at="2023-05-17T21:22:49 IST" duration-ms="1" status="PASS">
          <reporter-output>
          </reporter-output>
        </test-method> <!-- ABC9 -->
      </class> <!-- test1.Demo7Parameters -->
    </test> <!-- TestModule2 -->
    <test started-at="2023-05-17T21:22:49 IST" name="TestModule1" finished-at="2023-05-17T21:22:49 IST" duration-ms="50">
      <class name="test1.Demo6Parameters">
        <test-method signature="ABC5(java.lang.String,java.lang.String)[pri:0, instance:test1.Demo6Parameters@378542de]" started-at="2023-05-17T21:22:49 IST" name="ABC5" data-provider="DataProviderMethod" finished-at="2023-05-17T21:22:49 IST" duration-ms="6" status="PASS">
          <params>
            <param index="0">
              <value>
                <![CDATA[firstUsername]]>
              </value>
            </param>
            <param index="1">
              <value>
                <![CDATA[firstPassword]]>
              </value>
            </param>
          </params>
          <reporter-output>
          </reporter-output>
        </test-method> <!-- ABC5 -->
        <test-method signature="ABC5(java.lang.String,java.lang.String)[pri:0, instance:test1.Demo6Parameters@378542de]" started-at="2023-05-17T21:22:49 IST" name="ABC5" data-provider="DataProviderMethod" finished-at="2023-05-17T21:22:49 IST" duration-ms="2" status="PASS">
          <params>
            <param index="0">
              <value>
                <![CDATA[SecondUsername]]>
              </value>
            </param>
            <param index="1">
              <value>
                <![CDATA[SecondPassword]]>
              </value>
            </param>
          </params>
          <reporter-output>
          </reporter-output>
        </test-method> <!-- ABC5 -->
        <test-method signature="ABC6()[pri:0, instance:test1.Demo6Parameters@378542de]" started-at="2023-05-17T21:22:49 IST" name="ABC6" finished-at="2023-05-17T21:22:49 IST" duration-ms="1" status="PASS">
          <reporter-output>
          </reporter-output>
        </test-method> <!-- ABC6 -->
        <test-method signature="ABC7()[pri:0, instance:test1.Demo6Parameters@378542de]" started-at="2023-05-17T21:22:49 IST" name="ABC7" finished-at="2023-05-17T21:22:49 IST" duration-ms="0" status="PASS">
          <reporter-output>
          </reporter-output>
        </test-method> <!-- ABC7 -->
      </class> <!-- test1.Demo6Parameters -->
      <class name="test1.Demo5Parameters">
        <test-method signature="ABC1(java.lang.String)[pri:0, instance:test1.Demo5Parameters@503d687a]" started-at="2023-05-17T21:22:49 IST" name="ABC1" finished-at="2023-05-17T21:22:49 IST" duration-ms="6" status="PASS">
          <params>
            <param index="0">
              <value>
                <![CDATA[https://amazontestfolder1.com]]>
              </value>
            </param>
          </params>
          <reporter-output>
          </reporter-output>
        </test-method> <!-- ABC1 -->
        <test-method signature="ABC2()[pri:0, instance:test1.Demo5Parameters@503d687a]" started-at="2023-05-17T21:22:49 IST" name="ABC2" finished-at="2023-05-17T21:22:49 IST" duration-ms="5" status="FAIL">
          <exception class="java.lang.AssertionError">
            <message>
              <![CDATA[expected [true] but found [false]]]>
            </message>
            <full-stacktrace>
              <![CDATA[java.lang.AssertionError: expected [true] but found [false]
at org.testng.Assert.fail(Assert.java:99)
at org.testng.Assert.failNotEquals(Assert.java:1037)
at org.testng.Assert.assertTrue(Assert.java:45)
at org.testng.Assert.assertTrue(Assert.java:55)
at test1.Demo5Parameters.ABC2(Demo5Parameters.java:21)
at java.base/jdk.internal.reflect.NativeMethodAccessorImpl.invoke0(Native Method)
at java.base/jdk.internal.reflect.NativeMethodAccessorImpl.invoke(NativeMethodAccessorImpl.java:77)
at java.base/jdk.internal.reflect.DelegatingMethodAccessorImpl.invoke(DelegatingMethodAccessorImpl.java:43)
at java.base/java.lang.reflect.Method.invoke(Method.java:568)
at org.testng.internal.MethodInvocationHelper.invokeMethod(MethodInvocationHelper.java:133)
at org.testng.internal.TestInvoker.invokeMethod(TestInvoker.java:598)
at org.testng.internal.TestInvoker.invokeTestMethod(TestInvoker.java:173)
at org.testng.internal.MethodRunner.runInSequence(MethodRunner.java:46)
at org.testng.internal.TestInvoker$MethodInvocationAgent.invoke(TestInvoker.java:824)
at org.testng.internal.TestInvoker.invokeTestMethods(TestInvoker.java:146)
at org.testng.internal.TestMethodWorker.invokeTestMethods(TestMethodWorker.java:146)
at org.testng.internal.TestMethodWorker.run(TestMethodWorker.java:128)
at java.base/java.util.concurrent.ThreadPoolExecutor.runWorker(ThreadPoolExecutor.java:1136)
at java.base/java.util.concurrent.ThreadPoolExecutor$Worker.run(ThreadPoolExecutor.java:635)
at java.base/java.lang.Thread.run(Thread.java:833)
]]>
            </full-stacktrace>
          </exception> <!-- java.lang.AssertionError -->
          <reporter-output>
          </reporter-output>
        </test-method> <!-- ABC2 -->
        <test-method signature="ABC3()[pri:0, instance:test1.Demo5Parameters@503d687a]" started-at="2023-05-17T21:22:49 IST" name="ABC3" finished-at="2023-05-17T21:22:49 IST" duration-ms="1" status="PASS">
          <reporter-output>
          </reporter-output>
        </test-method> <!-- ABC3 -->
        <test-method signature="ABC4()[pri:0, instance:test1.Demo5Parameters@503d687a]" started-at="2023-05-17T21:22:49 IST" name="ABC4" finished-at="2023-05-17T21:22:49 IST" duration-ms="1" status="PASS">
          <reporter-output>
          </reporter-output>
        </test-method> <!-- ABC4 -->
      </class> <!-- test1.Demo5Parameters -->
    </test> <!-- TestModule1 -->
    <test started-at="2023-05-17T21:22:49 IST" name="TestModule3" finished-at="2023-05-17T21:22:49 IST" duration-ms="4">
      <class name="test1.Demo8Parameters">
        <test-method signature="ABC11()[pri:0, instance:test1.Demo8Parameters@581ac8a8]" started-at="2023-05-17T21:22:49 IST" name="ABC11" finished-at="2023-05-17T21:22:49 IST" duration-ms="1" status="PASS">
          <reporter-output>
          </reporter-output>
        </test-method> <!-- ABC11 -->
        <test-method signature="ABC12()[pri:0, instance:test1.Demo8Parameters@581ac8a8]" started-at="2023-05-17T21:22:49 IST" name="ABC12" finished-at="2023-05-17T21:22:49 IST" duration-ms="1" status="PASS">
          <reporter-output>
          </reporter-output>
        </test-method> <!-- ABC12 -->
        <test-method signature="ABC13()[pri:0, instance:test1.Demo8Parameters@581ac8a8]" started-at="2023-05-17T21:22:49 IST" name="ABC13" finished-at="2023-05-17T21:22:49 IST" duration-ms="1" status="PASS">
          <reporter-output>
          </reporter-output>
        </test-method> <!-- ABC13 -->
      </class> <!-- test1.Demo8Parameters -->
    </test> <!-- TestModule3 -->
  </suite> <!-- WealthSuite -->
</testng-results>
